I, [2015-02-05T14:16:18.619594 #23348]  INFO -- : ==> TEST: Creation was successful
I, [2015-02-05T14:16:39.458298 #23348]  INFO -- : ==> clicked the submit button
I, [2015-02-05T14:16:49.087478 #23348]  INFO -- : ==> TEST: Creation was successful
I, [2015-02-05T14:17:08.988381 #23348]  INFO -- : ==> clicked the submit button
I, [2015-02-05T14:17:18.440803 #23348]  INFO -- : ==> TEST: Creation was successful
I, [2015-02-05T14:23:28.033446 #13632]  INFO -- : ==> TEST: Creation was successful
I, [2015-02-05T14:23:47.798310 #13632]  INFO -- : ==> clicked the submit button
I, [2015-02-05T14:23:57.524153 #13632]  INFO -- : ==> TEST: Creation was successful
I, [2015-02-05T14:24:16.766167 #13632]  INFO -- : ==> clicked the submit button
I, [2015-02-05T14:24:26.225079 #13632]  INFO -- : ==> TEST: Creation was successful
I, [2015-02-05T14:24:44.332355 #13632]  INFO -- : ==> clicked the submit button
I, [2015-02-05T14:29:27.593396 #8924]  INFO -- : ==> TEST: Creation was successful
I, [2015-02-05T14:30:01.876845 #8924]  INFO -- : ==> clicked the submit button
I, [2015-02-05T14:30:05.616287 #8924]  INFO -- : ==> TEST: Creation was successful
I, [2015-02-05T14:30:30.532137 #8924]  INFO -- : ==> clicked the submit button
I, [2015-02-05T14:30:35.916848 #8924]  INFO -- : ==> TEST: Creation was successful
I, [2015-02-05T14:30:53.735332 #8924]  INFO -- : ==> clicked the submit button
I, [2015-02-05T14:33:29.683343 #16616]  INFO -- : ==> TEST: Creation was successful
I, [2015-02-05T14:33:48.945668 #16616]  INFO -- : ==> clicked the submit button
I, [2015-02-05T14:33:53.066809 #16616]  INFO -- : ==> TEST: Creation was successful
I, [2015-02-05T14:34:11.413587 #16616]  INFO -- : ==> clicked the submit button
I, [2015-02-05T14:34:16.210933 #16616]  INFO -- : ==> TEST: Creation was successful
I, [2015-02-05T14:34:36.010125 #16616]  INFO -- : ==> clicked the submit button
I, [2015-02-05T14:34:41.080875 #16616]  INFO -- : ==> TEST: Creation was successful
I, [2015-02-05T14:34:56.639240 #11584]  INFO -- : ==> TEST: Creation was successful
I, [2015-02-05T14:35:14.895853 #11584]  INFO -- : ==> clicked the submit button
I, [2015-02-05T14:35:18.907567 #11584]  INFO -- : ==> TEST: Creation was successful
I, [2015-02-05T14:35:32.250373 #23180]  INFO -- : ==> TEST: Creation was successful
I, [2015-02-05T14:35:50.995876 #23180]  INFO -- : ==> clicked the submit button
I, [2015-02-05T14:35:55.305188 #23180]  INFO -- : ==> TEST: Creation was successful
I, [2015-02-05T14:36:13.778375 #23180]  INFO -- : ==> clicked the submit button
I, [2015-02-05T14:36:18.719290 #23180]  INFO -- : ==> TEST: Creation was successful
I, [2015-02-05T14:36:37.892489 #23180]  INFO -- : ==> clicked the submit button
I, [2015-02-05T14:36:43.164333 #23180]  INFO -- : ==> TEST: Creation was successful
I, [2015-02-05T15:06:15.332652 #13012]  INFO -- : ==> TEST: Creation was successful
I, [2015-02-05T15:06:34.736804 #13012]  INFO -- : ==> clicked the submit button
I, [2015-02-05T15:06:38.636884 #13012]  INFO -- : ==> TEST: Creation was successful
I, [2015-02-05T15:06:56.942213 #13012]  INFO -- : ==> clicked the submit button
I, [2015-02-05T15:07:02.484384 #13012]  INFO -- : ==> TEST: Creation was successful
I, [2015-02-05T15:12:08.087400 #32280]  INFO -- : ==> TEST: Creation was successful
I, [2015-02-05T15:12:31.241950 #32280]  INFO -- : ==> clicked the submit button
I, [2015-02-05T15:12:35.072862 #32280]  INFO -- : ==> TEST: Creation was successful
I, [2015-02-05T15:13:19.190716 #32484]  INFO -- : ==> TEST: Creation was successful
I, [2015-02-05T15:13:37.865655 #32484]  INFO -- : ==> clicked the submit button
I, [2015-02-05T15:14:14.286897 #1844]  INFO -- : ==> TEST: Creation was successful
I, [2015-02-05T15:14:32.860325 #1844]  INFO -- : ==> clicked the submit button
I, [2015-02-05T15:15:05.515338 #27824]  INFO -- : ==> TEST: Creation was successful
I, [2015-02-05T15:15:25.166791 #27824]  INFO -- : ==> clicked the submit button
I, [2015-02-05T15:25:58.645070 #8668]  INFO -- : ==> TEST: Creation was successful
I, [2015-02-05T15:26:21.783672 #8668]  INFO -- : ==> clicked the submit button
I, [2015-02-05T15:27:57.376514 #29304]  INFO -- : ==> TEST: Creation was successful
I, [2015-02-05T15:29:47.762167 #18308]  INFO -- : ==> TEST: Creation was successful
I, [2015-02-05T15:30:06.103873 #18308]  INFO -- : ==> clicked the submit button
I, [2015-02-05T15:30:10.546282 #18308]  INFO -- : ==> TEST: Creation was successful
I, [2015-02-05T15:30:28.555970 #18308]  INFO -- : ==> clicked the submit button
I, [2015-02-05T15:32:37.819137 #13124]  INFO -- : ==> TEST: Creation was successful
I, [2015-02-05T15:32:55.944917 #13124]  INFO -- : ==> clicked the submit button
I, [2015-02-05T15:33:27.962717 #4952]  INFO -- : ==> TEST: Creation was successful
I, [2015-02-05T15:37:27.830022 #3928]  INFO -- : ==> TEST: Creation was successful
I, [2015-02-05T15:37:47.914933 #3928]  INFO -- : ==> clicked the submit button
I, [2015-02-05T15:37:51.690686 #3928]  INFO -- : ==> TEST: Creation was successful
I, [2015-02-05T15:38:12.544895 #3928]  INFO -- : ==> clicked the submit button
I, [2015-02-05T15:41:03.055802 #12160]  INFO -- : ==> TEST: Creation was successful
I, [2015-02-05T15:41:20.304212 #12160]  INFO -- : ==> clicked the submit button
I, [2015-02-05T15:41:24.332155 #12160]  INFO -- : ==> TEST: Creation was successful
I, [2015-02-05T15:41:42.350948 #12160]  INFO -- : ==> clicked the submit button
I, [2015-02-05T15:54:26.218793 #24084]  INFO -- : ==> TEST: Creation was successful
I, [2015-02-05T15:54:44.827980 #24084]  INFO -- : ==> clicked the submit button
I, [2015-02-05T15:54:48.972667 #24084]  INFO -- : ==> TEST: Creation was successful
I, [2015-02-05T19:27:45.801658 #6840]  INFO -- : ==> TEST: Creation was successful
I, [2015-02-05T19:28:12.422377 #6840]  INFO -- : ==> clicked the submit button
I, [2015-02-05T19:28:16.109455 #6840]  INFO -- : ==> TEST: Creation was successful
I, [2015-02-05T19:28:34.697300 #6840]  INFO -- : ==> clicked the submit button
I, [2015-02-05T19:59:35.833091 #23880]  INFO -- : ==> TEST: Creation was successful
I, [2015-02-05T19:59:57.687382 #23880]  INFO -- : ==> clicked the submit button
I, [2015-02-05T20:00:50.669945 #17508]  INFO -- : ==> TEST: Creation was successful
I, [2015-02-05T20:03:15.878996 #21204]  INFO -- : ==> TEST: Creation was successful
I, [2015-02-05T20:08:19.025345 #12468]  INFO -- : ==> TEST: Creation was successful
I, [2015-02-05T20:08:37.889932 #12468]  INFO -- : ==> clicked the submit button
I, [2015-02-05T20:08:42.049393 #12468]  INFO -- : ==> TEST: Creation was successful
I, [2015-02-05T20:09:00.865976 #12468]  INFO -- : ==> clicked the submit button
I, [2015-02-05T20:15:46.454923 #10500]  INFO -- : ==> TEST: Creation was successful
I, [2015-02-05T20:17:27.367513 #22056]  INFO -- : ==> TEST: Creation was successful
I, [2015-02-05T20:17:45.693922 #22056]  INFO -- : ==> clicked the submit button
I, [2015-02-05T20:17:49.426152 #22056]  INFO -- : ==> TEST: Creation was successful
I, [2015-02-05T20:18:07.334161 #22056]  INFO -- : ==> clicked the submit button
I, [2015-02-13T09:33:18.890914 #5808]  INFO -- : ==> TEST: Creation was successful
I, [2015-02-13T09:33:43.211219 #5808]  INFO -- : ==> clicked the submit button
I, [2015-02-13T09:40:14.956124 #2204]  INFO -- : ==> TEST: Creation was successful
I, [2015-02-13T09:40:37.575729 #2204]  INFO -- : ==> clicked the submit button
I, [2015-02-13T09:40:46.919909 #2204]  INFO -- : ==> TEST: Creation was successful
I, [2015-02-13T09:41:06.707410 #2204]  INFO -- : ==> clicked the submit button
I, [2015-02-13T09:41:11.197595 #2204]  INFO -- : ==> TEST: Creation was successful
I, [2015-02-13T09:41:31.418936 #2204]  INFO -- : ==> clicked the submit button
I, [2015-02-13T09:42:37.179561 #5400]  INFO -- : ==> TEST: Creation was successful
I, [2015-02-13T09:42:56.850020 #5400]  INFO -- : ==> clicked the submit button
I, [2015-02-13T09:43:06.271786 #5400]  INFO -- : ==> TEST: Creation was successful
I, [2015-02-13T09:43:25.777960 #5400]  INFO -- : ==> clicked the submit button
I, [2015-02-13T09:43:30.381834 #5400]  INFO -- : ==> TEST: Creation was successful
I, [2015-02-13T09:43:51.282132 #5400]  INFO -- : ==> clicked the submit button
I, [2015-02-13T09:59:45.670342 #2536]  INFO -- : ==> TEST: Creation was successful
I, [2015-02-13T10:00:05.901525 #2536]  INFO -- : ==> clicked the submit button
I, [2015-02-13T10:00:15.764274 #2536]  INFO -- : ==> TEST: Creation was successful
I, [2015-02-13T10:00:35.297290 #2536]  INFO -- : ==> clicked the submit button
I, [2015-02-13T10:00:40.070336 #2536]  INFO -- : ==> TEST: Creation was successful
I, [2015-02-13T10:00:59.292817 #2536]  INFO -- : ==> clicked the submit button
I, [2015-02-13T10:04:32.270123 #6852]  INFO -- : ==> TEST: Creation was successful
I, [2015-02-13T10:04:47.550865 #6852]  INFO -- : ==> trainingrite web page opens
I, [2015-02-13T10:04:48.243963 #6852]  INFO -- : ==> Username entered correctly
I, [2015-02-13T10:04:49.484963 #6852]  INFO -- : ==> Password entered correctly
I, [2015-02-13T10:04:51.584924 #6852]  INFO -- : ==> clicked the submit button
I, [2015-02-13T10:05:00.887522 #6852]  INFO -- : ==> TEST: Creation was successful
I, [2015-02-13T10:05:16.389871 #6852]  INFO -- : ==> trainingrite web page opens
I, [2015-02-13T10:05:17.001693 #6852]  INFO -- : ==> Username entered correctly
I, [2015-02-13T10:05:18.255777 #6852]  INFO -- : ==> Password entered correctly
I, [2015-02-13T10:05:19.875134 #6852]  INFO -- : ==> clicked the submit button
I, [2015-02-13T10:05:24.773215 #6852]  INFO -- : ==> TEST: Creation was successful
I, [2015-02-13T10:05:40.007606 #6852]  INFO -- : ==> trainingrite web page opens
I, [2015-02-13T10:05:40.642254 #6852]  INFO -- : ==> Username entered correctly
I, [2015-02-13T10:05:41.658485 #6852]  INFO -- : ==> Password entered correctly
I, [2015-02-13T10:05:43.565239 #6852]  INFO -- : ==> clicked the submit button
I, [2015-02-13T10:08:30.996078 #6400]  INFO -- : ==> TEST: Creation was successful
I, [2015-02-13T10:08:46.022584 #6400]  INFO -- : ==> trainingrite web page opens
I, [2015-02-13T10:08:46.909329 #6400]  INFO -- : ==> Username entered correctly
I, [2015-02-13T10:08:48.105588 #6400]  INFO -- : ==> Password entered correctly
I, [2015-02-13T10:08:50.390152 #6400]  INFO -- : ==> clicked the submit button
I, [2015-02-13T10:08:56.783512 #6400]  INFO -- : ==> Login is Successful
I, [2015-02-13T10:09:00.362046 #6400]  INFO -- : ==> TEST: Creation was successful
I, [2015-02-13T10:09:19.254797 #6400]  INFO -- : ==> trainingrite web page opens
I, [2015-02-13T10:09:19.980515 #6400]  INFO -- : ==> Username entered correctly
I, [2015-02-13T10:09:21.218796 #6400]  INFO -- : ==> Password entered correctly
I, [2015-02-13T10:09:23.266439 #6400]  INFO -- : ==> clicked the submit button
I, [2015-02-13T10:09:24.691059 #6400]  INFO -- : ==> Login is Successful
I, [2015-02-13T10:09:27.929531 #6400]  INFO -- : ==> TEST: Creation was successful
I, [2015-02-13T10:09:42.943667 #6400]  INFO -- : ==> trainingrite web page opens
I, [2015-02-13T10:09:43.614735 #6400]  INFO -- : ==> Username entered correctly
I, [2015-02-13T10:09:44.838932 #6400]  INFO -- : ==> Password entered correctly
I, [2015-02-13T10:09:46.970113 #6400]  INFO -- : ==> clicked the submit button
I, [2015-02-13T10:09:49.361866 #6400]  INFO -- : ==> Login is not Successful
